\BOOKMARK [1][-]{section.1}{\376\377\000=\000A\000B\000S\000T\000R\000A\000C\000T}{}% 1
\BOOKMARK [1][-]{section.2}{\376\377\000=\000I\000N\000T\000R\000O\000D\000U\000C\000C\000I\000\323\000N}{}% 2
\BOOKMARK [1][-]{section.3}{\376\377\000=\000C\000A\000S\000O\000\040\000D\000E\000\040\000E\000S\000T\000U\000D\000I\000O}{}% 3
\BOOKMARK [1][-]{section.4}{\376\377\000=\000M\000A\000R\000C\000O\000\040\000T\000E\000\323\000R\000I\000C\000O}{}% 4
\BOOKMARK [2][-]{subsection.4.1}{\376\377\000T\000r\000a\000s\000f\000o\000n\000d\000o}{section.4}% 5
\BOOKMARK [2][-]{subsection.4.2}{\376\377\000I\000n\000t\000e\000l\000i\000g\000e\000n\000c\000i\000a\000\040\000a\000r\000t\000i\000f\000i\000c\000i\000a\000l\000\040\000a\000p\000l\000i\000c\000a\000d\000a}{section.4}% 6
\BOOKMARK [2][-]{subsection.4.3}{\376\377\000U\000s\000o\000\040\000d\000e\000\040\000d\000a\000t\000o\000s\000\040\000p\000e\000r\000s\000o\000n\000a\000l\000e\000s\000\040\000y\000\040\000H\000a\000b\000e\000a\000s\000\040\000D\000a\000t\000a}{section.4}% 7
\BOOKMARK [2][-]{subsection.4.4}{\376\377\000R\000e\000c\000o\000l\000e\000c\000c\000i\000\363\000n\000\040\000d\000e\000\040\000D\000a\000t\000o\000s}{section.4}% 8
\BOOKMARK [2][-]{subsection.4.5}{\376\377\000D\000e\000m\000o\000g\000r\000a\000f\000\355\000a}{section.4}% 9
\BOOKMARK [2][-]{subsection.4.6}{\376\377\000E\000s\000t\000i\000m\000a\000c\000i\000\363\000n\000\040\000d\000e\000\040\000l\000a\000\040\000c\000a\000l\000i\000d\000a\000d\000\040\000d\000e\000l\000\040\000s\000o\000n\000i\000d\000o}{section.4}% 10
\BOOKMARK [2][-]{subsection.4.7}{\376\377\000C\000l\000a\000s\000i\000f\000i\000c\000a\000c\000i\000\363\000n\000\040\000d\000e\000l\000\040\000S\000o\000n\000i\000d\000o}{section.4}% 11
\BOOKMARK [2][-]{subsection.4.8}{\376\377\000P\000r\000o\000c\000e\000s\000a\000m\000i\000e\000n\000t\000o\000\040\000d\000e\000\040\000d\000a\000t\000o\000s}{section.4}% 12
\BOOKMARK [2][-]{subsection.4.9}{\376\377\000C\000r\000e\000a\000c\000i\000\363\000n\000\040\000d\000e\000l\000\040\000M\000o\000d\000e\000l\000o}{section.4}% 13
\BOOKMARK [2][-]{subsection.4.10}{\376\377\000A\000p\000r\000e\000n\000d\000i\000z\000a\000j\000e}{section.4}% 14
\BOOKMARK [2][-]{subsection.4.11}{\376\377\000I\000n\000f\000e\000r\000e\000n\000c\000i\000a}{section.4}% 15
\BOOKMARK [1][-]{section.5}{\376\377\000=\000D\000E\000S\000A\000R\000R\000O\000L\000L\000O}{}% 16
\BOOKMARK [2][-]{subsection.5.1}{\376\377\000R\000e\000q\000u\000e\000r\000i\000m\000i\000e\000n\000t\000o\000s\000\040\000f\000u\000n\000c\000i\000o\000n\000a\000l\000e\000s}{section.5}% 17
\BOOKMARK [2][-]{subsection.5.2}{\376\377\000R\000e\000q\000u\000e\000r\000i\000m\000i\000e\000n\000t\000o\000s\000\040\000n\000o\000\040\000f\000u\000n\000c\000i\000o\000n\000a\000l\000e\000s}{section.5}% 18
\BOOKMARK [2][-]{subsection.5.3}{\376\377\000D\000i\000s\000e\000\361\000o\000\040\000d\000e\000\040\000l\000a\000\040\000S\000o\000l\000u\000c\000i\000\363\000n}{section.5}% 19
\BOOKMARK [2][-]{subsection.5.4}{\376\377\000A\000r\000q\000u\000i\000t\000e\000c\000t\000u\000r\000a\000\040\000d\000e\000l\000\040\000P\000r\000o\000d\000u\000c\000t\000o}{section.5}% 20
\BOOKMARK [1][-]{section.6}{\376\377\000C\000O\000N\000C\000L\000U\000S\000I\000\323\000N}{}% 21
